<?xml version="1.0" encoding="UTF-8"?>
<!-- Generated by org.testng.reporters.JUnitReportReporter -->
<testsuite skipped="0" hostname="in-suhailma-1" name="Jenk.Demo1" tests="1" failures="0" timestamp="13 Apr 2018 14:22:25 GMT" time="15.637" errors="0">
  <testcase name="Test" time="15.637" classname="Jenk.Demo1"/>
</testsuite> <!-- Jenk.Demo1 -->
